<?xml version="1.0" encoding="UTF-8"?>
<!-- Generated by org.testng.reporters.JUnitReportReporter -->
<testsuite hostname="LAPTOP-6OACLVLF" failures="0" tests="1" name="com.Bankingproject.AppLoginTest" time="1.665" errors="0" timestamp="2021-05-24T06:20:37 IST" skipped="0">
  <testcase classname="com.Bankingproject.AppLoginTest" name="verifyinvalidlogin" time="1.665"/>
  <system-out/>
</testsuite> <!-- com.Bankingproject.AppLoginTest -->
